#
# A fatal error has been detected by the Java Runtime Environment:
#
#  EXCEPTION_ACCESS_VIOLATION (0xc0000005) at pc=0x00007ffab279aa43, pid=2808, tid=0x00000000000029cc
#
# JRE version: Java(TM) SE Runtime Environment (8.0_101-b13) (build 1.8.0_101-b13)
# Java VM: Java HotSpot(TM) 64-Bit Server VM (25.101-b13 mixed mode windows-amd64 compressed oops)
# Problematic frame:
# C  [GoogleInputTools.ime+0x8aa43]
#
# Failed to write core dump. Minidumps are not enabled by default on client versions of Windows
#
# If you would like to submit a bug report, please visit:
#   http://bugreport.java.com/bugreport/crash.jsp
# The crash happened outside the Java Virtual Machine in native code.
# See problematic frame for where to report the bug.
#

---------------  T H R E A D  ---------------

Current thread (0x0000000019077800):  JavaThread "AWT-Windows" daemon [_thread_in_native, id=10700, stack(0x00000000199b0000,0x0000000019ab0000)]

siginfo: ExceptionCode=0xc0000005, reading address 0x0000000000000000

Registers:
RAX=0x0000000000000000, RBX=0x000000000091a7e0, RCX=0x0000000000000000, RDX=0x00007ffad564fe5c
RSP=0x0000000019aaed60, RBP=0x0000000000000400, RSI=0x000000000091a7e0, RDI=0x000000000091a7e0
R8 =0x0000000000000000, R9 =0x0000000000000000, R10=0x00000000010cfee0, R11=0x0000000000000246
R12=0x0000000000000000, R13=0x00007ffab27a9800, R14=0x0000000000000000, R15=0x0000000000000400
RIP=0x00007ffab279aa43, EFLAGS=0x0000000000010246

Top of Stack: (sp=0x0000000019aaed60)
0x0000000019aaed60:   00000000003dc800 000000000091a7e0
0x0000000019aaed70:   000000000091a7e0 fffffffffffffffe
0x0000000019aaed80:   fffffffffffffffe ffffffffffffff00
0x0000000019aaed90:   0000000000000000 00007ffab27a1f82
0x0000000019aaeda0:   0000000000000000 000000005a99611f
0x0000000019aaedb0:   0000638bc91e254a 00007ffab279a0db
0x0000000019aaedc0:   0000000000926e40 00007ffab279ab1c
0x0000000019aaedd0:   000000005a63e170 fffffffffffffffe
0x0000000019aaede0:   0000638bc91e257a 0000000000021a2e
0x0000000019aaedf0:   0000000000926e40 fffffffffffffffe
0x0000000019aaee00:   0000638bc91e25fa 0000638bc91e258a
0x0000000019aaee10:   0000000000926e40 00007ffab2799b72
0x0000000019aaee20:   000000000091a448 0000000000000001
0x0000000019aaee30:   000000000091a450 00007ffad5a35253
0x0000000019aaee40:   fffffffffffffffe 0000000000000000
0x0000000019aaee50:   0000000000000000 000000000091ab68 

Instructions: (pc=0x00007ffab279aa43)
0x00007ffab279aa23:   03 00 c1 e8 16 a8 01 75 09 80 bb f4 01 00 00 00
0x00007ffab279aa33:   74 0a 48 83 bb 58 01 00 00 00 75 1a 48 8b 4b 48
0x00007ffab279aa43:   48 8b 01 48 8d 93 48 01 00 00 44 8b 83 70 01 00
0x00007ffab279aa53:   00 ff 50 08 eb 50 48 c7 44 24 40 07 00 00 00 33 


Register to memory mapping:

RAX=0x0000000000000000 is an unknown value
RBX=0x000000000091a7e0 is an unknown value
RCX=0x0000000000000000 is an unknown value
RDX=0x00007ffad564fe5c is an unknown value
RSP=0x0000000019aaed60 is pointing into the stack for thread: 0x0000000019077800
RBP=0x0000000000000400 is an unknown value
RSI=0x000000000091a7e0 is an unknown value
RDI=0x000000000091a7e0 is an unknown value
R8 =0x0000000000000000 is an unknown value
R9 =0x0000000000000000 is an unknown value
R10=0x00000000010cfee0 is an unknown value
R11=0x0000000000000246 is an unknown value
R12=0x0000000000000000 is an unknown value
R13=0x00007ffab27a9800 is an unknown value
R14=0x0000000000000000 is an unknown value
R15=0x0000000000000400 is an unknown value


Stack: [0x00000000199b0000,0x0000000019ab0000],  sp=0x0000000019aaed60,  free space=1019k
Native frames: (J=compiled Java code, j=interpreted, Vv=VM code, C=native code)
C  [GoogleInputTools.ime+0x8aa43]
C  [GoogleInputTools.ime+0x8ab1c]
C  [GoogleInputTools.ime+0x89b72]
C  [GoogleInputTools.ime+0x946b1]
C  [GoogleInputTools.ime+0x99858]
C  [USER32.dll+0x11169]
C  [USER32.dll+0x10c97]
C  [awt.dll+0xcc66c]
C  [awt.dll+0xcc91b]
C  0x0000000002487f54

Java frames: (J=compiled Java code, j=interpreted, Vv=VM code)
j  sun.awt.windows.WToolkit.eventLoop()V+0
j  sun.awt.windows.WToolkit.run()V+58
j  java.lang.Thread.run()V+11
v  ~StubRoutines::call_stub

---------------  P R O C E S S  ---------------

Java Threads: ( => current thread )
  0x000000001952c800 JavaThread "Abandoned connection cleanup thread" daemon [_thread_blocked, id=7688, stack(0x000000001c530000,0x000000001c630000)]
  0x0000000002372800 JavaThread "DestroyJavaVM" [_thread_blocked, id=8484, stack(0x0000000002260000,0x0000000002360000)]
  0x00000000196a9000 JavaThread "TimerQueue" daemon [_thread_blocked, id=10596, stack(0x000000001c230000,0x000000001c330000)]
  0x00000000194a3000 JavaThread "AWT-EventQueue-0" [_thread_in_native, id=3308, stack(0x000000001a7a0000,0x000000001a8a0000)]
=>0x0000000019077800 JavaThread "AWT-Windows" daemon [_thread_in_native, id=10700, stack(0x00000000199b0000,0x0000000019ab0000)]
  0x0000000019074800 JavaThread "AWT-Shutdown" [_thread_blocked, id=5364, stack(0x00000000198b0000,0x00000000199b0000)]
  0x0000000019072000 JavaThread "Java2D Disposer" daemon [_thread_blocked, id=10340, stack(0x00000000197b0000,0x00000000198b0000)]
  0x00000000188f0800 JavaThread "Service Thread" daemon [_thread_blocked, id=8500, stack(0x0000000018cd0000,0x0000000018dd0000)]
  0x0000000016fa6000 JavaThread "C1 CompilerThread2" daemon [_thread_blocked, id=8800, stack(0x00000000187d0000,0x00000000188d0000)]
  0x0000000016fa2800 JavaThread "C2 CompilerThread1" daemon [_thread_blocked, id=7360, stack(0x00000000186d0000,0x00000000187d0000)]
  0x0000000016f9e800 JavaThread "C2 CompilerThread0" daemon [_thread_blocked, id=9960, stack(0x00000000185d0000,0x00000000186d0000)]
  0x0000000016f9d000 JavaThread "Attach Listener" daemon [_thread_blocked, id=10864, stack(0x00000000184d0000,0x00000000185d0000)]
  0x0000000016f9b800 JavaThread "Signal Dispatcher" daemon [_thread_blocked, id=8368, stack(0x00000000183d0000,0x00000000184d0000)]
  0x000000000246d800 JavaThread "Finalizer" daemon [_thread_blocked, id=4488, stack(0x00000000181f0000,0x00000000182f0000)]
  0x0000000002462000 JavaThread "Reference Handler" daemon [_thread_blocked, id=7624, stack(0x00000000180f0000,0x00000000181f0000)]

Other Threads:
  0x0000000016f67000 VMThread [stack: 0x0000000017ff0000,0x00000000180f0000] [id=4228]
  0x000000001891a800 WatcherThread [stack: 0x0000000018dd0000,0x0000000018ed0000] [id=8152]

VM state:not at safepoint (normal execution)

VM Mutex/Monitor currently owned by a thread: None

Heap:
 PSYoungGen      total 71680K, used 21418K [0x00000000d5f00000, 0x00000000daa00000, 0x0000000100000000)
  eden space 66560K, 32% used [0x00000000d5f00000,0x00000000d73ea9c0,0x00000000da000000)
  from space 5120K, 0% used [0x00000000da500000,0x00000000da500000,0x00000000daa00000)
  to   space 5120K, 0% used [0x00000000da000000,0x00000000da000000,0x00000000da500000)
 ParOldGen       total 86528K, used 18472K [0x0000000081c00000, 0x0000000087080000, 0x00000000d5f00000)
  object space 86528K, 21% used [0x0000000081c00000,0x0000000082e0a2e8,0x0000000087080000)
 Metaspace       used 23707K, capacity 24002K, committed 24448K, reserved 1071104K
  class space    used 2999K, capacity 3078K, committed 3200K, reserved 1048576K

Card table byte_map: [0x0000000011830000,0x0000000011c30000] byte_map_base: 0x0000000011422000

Marking Bits: (ParMarkBitMap*) 0x000000005b06a6d0
 Begin Bits: [0x00000000122e0000, 0x0000000014270000)
 End Bits:   [0x0000000014270000, 0x0000000016200000)

Polling page: 0x0000000000a40000

CodeCache: size=245760Kb used=8942Kb max_used=9007Kb free=236817Kb
 bounds [0x0000000002470000, 0x0000000002d50000, 0x0000000011470000]
 total_blobs=3464 nmethods=2824 adapters=550
 compilation: enabled

Compilation events (10 events):
Event: 3289.320 Thread 0x0000000016fa6000 3042       3       sun.awt.ExtendedKeyCodes::getExtendedKeyCodeForChar (112 bytes)
Event: 3289.323 Thread 0x0000000016fa6000 nmethod 3042 0x00000000029f4e50 code [0x00000000029f5280, 0x00000000029f7b38]
Event: 3289.323 Thread 0x0000000016fa6000 3043       3       java.awt.Component::getContainingWindow (5 bytes)
Event: 3289.323 Thread 0x0000000016fa6000 nmethod 3043 0x000000000283aa10 code [0x000000000283aba0, 0x000000000283b0c8]
Event: 3289.325 Thread 0x0000000016fa6000 3044       1       sun.awt.Win32GraphicsDevice::getScreen (5 bytes)
Event: 3289.325 Thread 0x0000000016fa6000 nmethod 3044 0x0000000002d429d0 code [0x0000000002d42b20, 0x0000000002d42c30]
Event: 3289.326 Thread 0x0000000016fa6000 3045       3       java.awt.Container::insets (42 bytes)
Event: 3289.327 Thread 0x0000000016fa6000 nmethod 3045 0x00000000025cf510 code [0x00000000025cf6e0, 0x00000000025cfee8]
Event: 3289.328 Thread 0x0000000016fa6000 3046   !   3       java.awt.Container::isParentOf (49 bytes)
Event: 3289.328 Thread 0x0000000016fa6000 nmethod 3046 0x00000000025cea90 code [0x00000000025cec20, 0x00000000025cf328]

GC Heap History (10 events):
Event: 0.984 GC heap before
{Heap before GC invocations=1 (full 0):
 PSYoungGen      total 38400K, used 33280K [0x00000000d5f00000, 0x00000000d8980000, 0x0000000100000000)
  eden space 33280K, 100% used [0x00000000d5f00000,0x00000000d7f80000,0x00000000d7f80000)
  from space 5120K, 0% used [0x00000000d8480000,0x00000000d8480000,0x00000000d8980000)
  to   space 5120K, 0% used [0x00000000d7f80000,0x00000000d7f80000,0x00000000d8480000)
 ParOldGen       total 87552K, used 0K [0x0000000081c00000, 0x0000000087180000, 0x00000000d5f00000)
  object space 87552K, 0% used [0x0000000081c00000,0x0000000081c00000,0x0000000087180000)
 Metaspace       used 16305K, capacity 16586K, committed 16768K, reserved 1064960K
  class space    used 2030K, capacity 2128K, committed 2176K, reserved 1048576K
Event: 0.994 GC heap after
Heap after GC invocations=1 (full 0):
 PSYoungGen      total 38400K, used 5100K [0x00000000d5f00000, 0x00000000d8980000, 0x0000000100000000)
  eden space 33280K, 0% used [0x00000000d5f00000,0x00000000d5f00000,0x00000000d7f80000)
  from space 5120K, 99% used [0x00000000d7f80000,0x00000000d847b120,0x00000000d8480000)
  to   space 5120K, 0% used [0x00000000d8480000,0x00000000d8480000,0x00000000d8980000)
 ParOldGen       total 87552K, used 1958K [0x0000000081c00000, 0x0000000087180000, 0x00000000d5f00000)
  object space 87552K, 2% used [0x0000000081c00000,0x0000000081de99c0,0x0000000087180000)
 Metaspace       used 16305K, capacity 16586K, committed 16768K, reserved 1064960K
  class space    used 2030K, capacity 2128K, committed 2176K, reserved 1048576K
}
Event: 5.355 GC heap before
{Heap before GC invocations=2 (full 0):
 PSYoungGen      total 38400K, used 38380K [0x00000000d5f00000, 0x00000000d8980000, 0x0000000100000000)
  eden space 33280K, 100% used [0x00000000d5f00000,0x00000000d7f80000,0x00000000d7f80000)
  from space 5120K, 99% used [0x00000000d7f80000,0x00000000d847b120,0x00000000d8480000)
  to   space 5120K, 0% used [0x00000000d8480000,0x00000000d8480000,0x00000000d8980000)
 ParOldGen       total 87552K, used 1958K [0x0000000081c00000, 0x0000000087180000, 0x00000000d5f00000)
  object space 87552K, 2% used [0x0000000081c00000,0x0000000081de99c0,0x0000000087180000)
 Metaspace       used 20156K, capacity 20340K, committed 20480K, reserved 1067008K
  class space    used 2464K, capacity 2545K, committed 2560K, reserved 1048576K
Event: 5.367 GC heap after
Heap after GC invocations=2 (full 0):
 PSYoungGen      total 38400K, used 5093K [0x00000000d5f00000, 0x00000000d8980000, 0x0000000100000000)
  eden space 33280K, 0% used [0x00000000d5f00000,0x00000000d5f00000,0x00000000d7f80000)
  from space 5120K, 99% used [0x00000000d8480000,0x00000000d89794b0,0x00000000d8980000)
  to   space 5120K, 0% used [0x00000000d7f80000,0x00000000d7f80000,0x00000000d8480000)
 ParOldGen       total 87552K, used 27540K [0x0000000081c00000, 0x0000000087180000, 0x00000000d5f00000)
  object space 87552K, 31% used [0x0000000081c00000,0x00000000836e50f8,0x0000000087180000)
 Metaspace       used 20156K, capacity 20340K, committed 20480K, reserved 1067008K
  class space    used 2464K, capacity 2545K, committed 2560K, reserved 1048576K
}
Event: 5.488 GC heap before
{Heap before GC invocations=3 (full 0):
 PSYoungGen      total 38400K, used 38373K [0x00000000d5f00000, 0x00000000d8980000, 0x0000000100000000)
  eden space 33280K, 100% used [0x00000000d5f00000,0x00000000d7f80000,0x00000000d7f80000)
  from space 5120K, 99% used [0x00000000d8480000,0x00000000d89794b0,0x00000000d8980000)
  to   space 5120K, 0% used [0x00000000d7f80000,0x00000000d7f80000,0x00000000d8480000)
 ParOldGen       total 87552K, used 27540K [0x0000000081c00000, 0x0000000087180000, 0x00000000d5f00000)
  object space 87552K, 31% used [0x0000000081c00000,0x00000000836e50f8,0x0000000087180000)
 Metaspace       used 20158K, capacity 20340K, committed 20480K, reserved 1067008K
  class space    used 2464K, capacity 2545K, committed 2560K, reserved 1048576K
Event: 5.493 GC heap after
Heap after GC invocations=3 (full 0):
 PSYoungGen      total 38400K, used 5109K [0x00000000d5f00000, 0x00000000daa00000, 0x0000000100000000)
  eden space 33280K, 0% used [0x00000000d5f00000,0x00000000d5f00000,0x00000000d7f80000)
  from space 5120K, 99% used [0x00000000d7f80000,0x00000000d847d4c0,0x00000000d8480000)
  to   space 5120K, 0% used [0x00000000da500000,0x00000000da500000,0x00000000daa00000)
 ParOldGen       total 87552K, used 27556K [0x0000000081c00000, 0x0000000087180000, 0x00000000d5f00000)
  object space 87552K, 31% used [0x0000000081c00000,0x00000000836e90f8,0x0000000087180000)
 Metaspace       used 20158K, capacity 20340K, committed 20480K, reserved 1067008K
  class space    used 2464K, capacity 2545K, committed 2560K, reserved 1048576K
}
Event: 5.605 GC heap before
{Heap before GC invocations=4 (full 0):
 PSYoungGen      total 38400K, used 27564K [0x00000000d5f00000, 0x00000000daa00000, 0x0000000100000000)
  eden space 33280K, 67% used [0x00000000d5f00000,0x00000000d74edea8,0x00000000d7f80000)
  from space 5120K, 99% used [0x00000000d7f80000,0x00000000d847d4c0,0x00000000d8480000)
  to   space 5120K, 0% used [0x00000000da500000,0x00000000da500000,0x00000000daa00000)
 ParOldGen       total 87552K, used 27556K [0x0000000081c00000, 0x0000000087180000, 0x00000000d5f00000)
  object space 87552K, 31% used [0x0000000081c00000,0x00000000836e90f8,0x0000000087180000)
 Metaspace       used 20802K, capacity 21066K, committed 21296K, reserved 1069056K
  class space    used 2624K, capacity 2684K, committed 2688K, reserved 1048576K
Event: 5.611 GC heap after
Heap after GC invocations=4 (full 0):
 PSYoungGen      total 71680K, used 5102K [0x00000000d5f00000, 0x00000000daa00000, 0x0000000100000000)
  eden space 66560K, 0% used [0x00000000d5f00000,0x00000000d5f00000,0x00000000da000000)
  from space 5120K, 99% used [0x00000000da500000,0x00000000da9fbaa0,0x00000000daa00000)
  to   space 5120K, 0% used [0x00000000da000000,0x00000000da000000,0x00000000da500000)
 ParOldGen       total 87552K, used 27736K [0x0000000081c00000, 0x0000000087180000, 0x00000000d5f00000)
  object space 87552K, 31% used [0x0000000081c00000,0x00000000837160c8,0x0000000087180000)
 Metaspace       used 20802K, capacity 21066K, committed 21296K, reserved 1069056K
  class space    used 2624K, capacity 2684K, committed 2688K, reserved 1048576K
}
Event: 5.611 GC heap before
{Heap before GC invocations=5 (full 1):
 PSYoungGen      total 71680K, used 5102K [0x00000000d5f00000, 0x00000000daa00000, 0x0000000100000000)
  eden space 66560K, 0% used [0x00000000d5f00000,0x00000000d5f00000,0x00000000da000000)
  from space 5120K, 99% used [0x00000000da500000,0x00000000da9fbaa0,0x00000000daa00000)
  to   space 5120K, 0% used [0x00000000da000000,0x00000000da000000,0x00000000da500000)
 ParOldGen       total 87552K, used 27736K [0x0000000081c00000, 0x0000000087180000, 0x00000000d5f00000)
  object space 87552K, 31% used [0x0000000081c00000,0x00000000837160c8,0x0000000087180000)
 Metaspace       used 20802K, capacity 21066K, committed 21296K, reserved 1069056K
  class space    used 2624K, capacity 2684K, committed 2688K, reserved 1048576K
Event: 5.645 GC heap after
Heap after GC invocations=5 (full 1):
 PSYoungGen      total 71680K, used 0K [0x00000000d5f00000, 0x00000000daa00000, 0x0000000100000000)
  eden space 66560K, 0% used [0x00000000d5f00000,0x00000000d5f00000,0x00000000da000000)
  from space 5120K, 0% used [0x00000000da500000,0x00000000da500000,0x00000000daa00000)
  to   space 5120K, 0% used [0x00000000da000000,0x00000000da000000,0x00000000da500000)
 ParOldGen       total 86528K, used 18472K [0x0000000081c00000, 0x0000000087080000, 0x00000000d5f00000)
  object space 86528K, 21% used [0x0000000081c00000,0x0000000082e0a2e8,0x0000000087080000)
 Metaspace       used 20802K, capacity 21066K, committed 21296K, reserved 1069056K
  class space    used 2624K, capacity 2684K, committed 2688K, reserved 1048576K
}

Deoptimization events (10 events):
Event: 5.656 Thread 0x00000000194a3000 Uncommon trap: reason=unstable_if action=reinterpret pc=0x00000000029ded2c method=java.awt.image.ComponentColorModel.getRGBComponent(Ljava/lang/Object;I)I @ 15
Event: 5.656 Thread 0x00000000194a3000 Uncommon trap: reason=unstable_if action=reinterpret pc=0x00000000029e9684 method=java.awt.image.ComponentColorModel.extractComponent(Ljava/lang/Object;II)I @ 4
Event: 5.656 Thread 0x00000000194a3000 Uncommon trap: reason=unstable_if action=reinterpret pc=0x00000000029e87e0 method=java.awt.image.ComponentColorModel.getAlpha(Ljava/lang/Object;)I @ 4
Event: 5.656 Thread 0x00000000194a3000 Uncommon trap: reason=unstable_if action=reinterpret pc=0x00000000029e48dc method=sun.awt.image.ByteInterleavedRaster.getDataElements(IILjava/lang/Object;)Ljava/lang/Object; @ 43
Event: 5.769 Thread 0x00000000194a3000 Uncommon trap: reason=unstable_if action=reinterpret pc=0x00000000029de6f4 method=java.lang.Math.round(F)I @ 23
Event: 5.808 Thread 0x00000000194a3000 Uncommon trap: reason=unstable_if action=reinterpret pc=0x0000000002591e40 method=java.lang.CharacterData.of(I)Ljava/lang/CharacterData; @ 4
Event: 13.879 Thread 0x00000000194a3000 Uncommon trap: reason=unstable_if action=reinterpret pc=0x0000000002c4d62c method=sun.font.CMap.getControlCodeGlyph(IZ)I @ 3
Event: 18.459 Thread 0x00000000194a3000 Uncommon trap: reason=unstable_if action=reinterpret pc=0x0000000002c8ec14 method=sun.java2d.pipe.Region.endRow([I)V @ 29
Event: 22.484 Thread 0x00000000194a3000 Uncommon trap: reason=unstable_if action=reinterpret pc=0x000000000275db2c method=java.awt.Toolkit$SelectiveAWTEventListener.eventDispatched(Ljava/awt/AWTEvent;)V @ 230
Event: 3288.191 Thread 0x00000000194a3000 Uncommon trap: reason=class_check action=maybe_recompile pc=0x0000000002d0d8b0 method=java.awt.EventQueue.coalesceEvent(Ljava/awt/AWTEvent;I)Z @ 77

Internal exceptions (10 events):
Event: 0.515 Thread 0x0000000002372800 Exception <a 'java/lang/ArrayIndexOutOfBoundsException'> (0x00000000d6f02e80) thrown at [C:\re\workspace\8-2-build-windows-amd64-cygwin\jdk8u101\7261\hotspot\src\share\vm\runtime\sharedRuntime.cpp, line 605]
Event: 0.516 Thread 0x0000000002372800 Exception <a 'java/lang/ArrayIndexOutOfBoundsException'> (0x00000000d6f0bf10) thrown at [C:\re\workspace\8-2-build-windows-amd64-cygwin\jdk8u101\7261\hotspot\src\share\vm\runtime\sharedRuntime.cpp, line 605]
Event: 0.520 Thread 0x0000000002372800 Exception <a 'java/lang/ArrayIndexOutOfBoundsException'> (0x00000000d6f3e6d0) thrown at [C:\re\workspace\8-2-build-windows-amd64-cygwin\jdk8u101\7261\hotspot\src\share\vm\runtime\sharedRuntime.cpp, line 605]
Event: 0.524 Thread 0x0000000002372800 Exception <a 'java/lang/ArrayIndexOutOfBoundsException'> (0x00000000d6f61f70) thrown at [C:\re\workspace\8-2-build-windows-amd64-cygwin\jdk8u101\7261\hotspot\src\share\vm\runtime\sharedRuntime.cpp, line 605]
Event: 0.563 Thread 0x0000000002372800 Exception <a 'java/lang/ArrayIndexOutOfBoundsException': 85> (0x00000000d70e7858) thrown at [C:\re\workspace\8-2-build-windows-amd64-cygwin\jdk8u101\7261\hotspot\src\share\vm\interpreter\interpreterRuntime.cpp, line 366]
Event: 0.743 Thread 0x0000000002372800 Implicit null exception at 0x000000000281e7f9 to 0x000000000281ebd9
Event: 0.763 Thread 0x0000000002372800 Implicit null exception at 0x00000000026ebb96 to 0x00000000026ebee9
Event: 0.764 Thread 0x0000000002372800 Implicit null exception at 0x00000000026f0696 to 0x00000000026f09d5
Event: 0.802 Thread 0x0000000002372800 Exception <a 'java/lang/ClassNotFoundException': com/alee/laf/WebBorders> (0x00000000d7a52010) thrown at [C:\re\workspace\8-2-build-windows-amd64-cygwin\jdk8u101\7261\hotspot\src\share\vm\classfile\systemDictionary.cpp, line 210]
Event: 5.815 Thread 0x00000000194a3000 Exception <a 'java/lang/ArrayIndexOutOfBoundsException': > (0x00000000d63a9768) thrown at [C:\re\workspace\8-2-build-windows-amd64-cygwin\jdk8u101\7261\hotspot\src\share\vm\prims\jni.cpp, line 735]

Events (10 events):
Event: 3271.608 Thread 0x0000000016fa2800 flushing nmethod 0x00000000029e8650
Event: 3271.608 Thread 0x0000000016fa2800 flushing nmethod 0x00000000029e9210
Event: 3271.609 Thread 0x0000000016fa2800 flushing nmethod 0x00000000029ed2d0
Event: 3271.609 Thread 0x0000000016fa2800 flushing nmethod 0x00000000029efd10
Event: 3271.609 Thread 0x0000000016fa2800 flushing nmethod 0x00000000029f2c90
Event: 3271.609 Thread 0x0000000016fa2800 flushing nmethod 0x00000000029f4f50
Event: 3271.609 Thread 0x0000000016fa2800 flushing nmethod 0x0000000002a04090
Event: 3288.191 Thread 0x00000000194a3000 Uncommon trap: trap_request=0xffffffde fr.pc=0x0000000002d0d8b0
Event: 3288.191 Thread 0x00000000194a3000 DEOPT PACKING pc=0x0000000002d0d8b0 sp=0x000000001a89f270
Event: 3288.191 Thread 0x00000000194a3000 DEOPT UNPACKING pc=0x00000000024b582a sp=0x000000001a89f0d8 mode 2


Dynamic libraries:
0x00007ff6156b0000 - 0x00007ff6156e7000 	C:\Program Files\Java\jdk1.8.0_101\bin\java.exe
0x00007ffad5a20000 - 0x00007ffad5be1000 	C:\Windows\SYSTEM32\ntdll.dll
0x00007ffad30d0000 - 0x00007ffad317d000 	C:\Windows\system32\KERNEL32.DLL
0x00007ffad2210000 - 0x00007ffad23f8000 	C:\Windows\system32\KERNELBASE.dll
0x00007ffad2eb0000 - 0x00007ffad2f57000 	C:\Windows\system32\ADVAPI32.dll
0x00007ffad57a0000 - 0x00007ffad583d000 	C:\Windows\system32\msvcrt.dll
0x00007ffad2e20000 - 0x00007ffad2e7b000 	C:\Windows\system32\sechost.dll
0x00007ffad4c50000 - 0x00007ffad4d6c000 	C:\Windows\system32\RPCRT4.dll
0x00007ffad5640000 - 0x00007ffad5796000 	C:\Windows\system32\USER32.dll
0x00007ffad4910000 - 0x00007ffad4a97000 	C:\Windows\system32\GDI32.dll
0x00007ffac7170000 - 0x00007ffac73e4000 	C:\Windows\WinSxS\amd64_microsoft.windows.common-controls_6595b64144ccf1df_6.0.10586.839_none_a2ddba30a539a2ae\COMCTL32.dll
0x00007ffad51a0000 - 0x00007ffad541e000 	C:\Windows\system32\combase.dll
0x00007ffad2400000 - 0x00007ffad246a000 	C:\Windows\system32\bcryptPrimitives.dll
0x00007ffad5910000 - 0x00007ffad594b000 	C:\Windows\system32\IMM32.DLL
0x00007ffad1710000 - 0x00007ffad1741000 	C:\Windows\system32\nvinitx.dll
0x00007ffad1700000 - 0x00007ffad170a000 	C:\Windows\SYSTEM32\VERSION.dll
0x000000005cc50000 - 0x000000005cc56000 	C:\Program Files\NVIDIA Corporation\CoProcManager\_etoured.dll
0x00007ffacf610000 - 0x00007ffacf643000 	C:\Program Files\NVIDIA Corporation\CoProcManager\nvd3d9wrapx.dll
0x00007ffad4d70000 - 0x00007ffad5199000 	C:\Windows\system32\SETUPAPI.dll
0x00007ffad2700000 - 0x00007ffad2743000 	C:\Windows\system32\CFGMGR32.dll
0x00007ffacf5e0000 - 0x00007ffacf602000 	C:\Program Files\NVIDIA Corporation\CoProcManager\nvdxgiwrapx.dll
0x000000005a770000 - 0x000000005a842000 	C:\Program Files\Java\jdk1.8.0_101\jre\bin\msvcr100.dll
0x000000005a850000 - 0x000000005b0ea000 	C:\Program Files\Java\jdk1.8.0_101\jre\bin\server\jvm.dll
0x00007ffad4900000 - 0x00007ffad4908000 	C:\Windows\system32\PSAPI.DLL
0x00007ffacf8f0000 - 0x00007ffacf8f9000 	C:\Windows\SYSTEM32\WSOCK32.dll
0x00007ffad0700000 - 0x00007ffad0723000 	C:\Windows\SYSTEM32\WINMM.dll
0x00007ffad5420000 - 0x00007ffad548b000 	C:\Windows\system32\WS2_32.dll
0x00007ffad0670000 - 0x00007ffad069c000 	C:\Windows\SYSTEM32\WINMMBASE.dll
0x000000005a720000 - 0x000000005a72f000 	C:\Program Files\Java\jdk1.8.0_101\jre\bin\verify.dll
0x000000005a6f0000 - 0x000000005a719000 	C:\Program Files\Java\jdk1.8.0_101\jre\bin\java.dll
0x000000005a6d0000 - 0x000000005a6e6000 	C:\Program Files\Java\jdk1.8.0_101\jre\bin\zip.dll
0x00007ffad3180000 - 0x00007ffad46dc000 	C:\Windows\system32\SHELL32.dll
0x00007ffad27b0000 - 0x00007ffad2df4000 	C:\Windows\system32\windows.storage.dll
0x00007ffad5950000 - 0x00007ffad59a2000 	C:\Windows\system32\shlwapi.dll
0x00007ffad2050000 - 0x00007ffad205f000 	C:\Windows\system32\kernel.appcore.dll
0x00007ffad2470000 - 0x00007ffad2525000 	C:\Windows\system32\shcore.dll
0x00007ffad2060000 - 0x00007ffad20ab000 	C:\Windows\system32\powrprof.dll
0x00007ffad20b0000 - 0x00007ffad20c4000 	C:\Windows\system32\profapi.dll
0x000000005a440000 - 0x000000005a44d000 	C:\Program Files\Java\jdk1.8.0_101\jre\bin\management.dll
0x000000005a4f0000 - 0x000000005a688000 	C:\Program Files\Java\jdk1.8.0_101\jre\bin\awt.dll
0x00007ffad5840000 - 0x00007ffad5906000 	C:\Windows\system32\OLEAUT32.dll
0x00007ffad07c0000 - 0x00007ffad0839000 	C:\Windows\system32\apphelp.dll
0x00007ffad0a50000 - 0x00007ffad0ae6000 	C:\Windows\system32\uxtheme.dll
0x00007ffad2f70000 - 0x00007ffad30ca000 	C:\Windows\system32\MSCTF.dll
0x00007ffacf590000 - 0x00007ffacf5b2000 	C:\Windows\system32\dwmapi.dll
0x00007ffad5490000 - 0x00007ffad55d3000 	C:\Windows\system32\ole32.dll
0x000000005a380000 - 0x000000005a3bc000 	C:\Program Files\Java\jdk1.8.0_101\jre\bin\lcms.dll
0x000000005a6b0000 - 0x000000005a6ca000 	C:\Program Files\Java\jdk1.8.0_101\jre\bin\net.dll
0x00007ffad1970000 - 0x00007ffad19cc000 	C:\Windows\system32\mswsock.dll
0x000000005a4a0000 - 0x000000005a4e7000 	C:\Program Files\Java\jdk1.8.0_101\jre\bin\fontmanager.dll
0x00007ffad46e0000 - 0x00007ffad4787000 	C:\Windows\system32\clbcatq.dll
0x00007ffaceeb0000 - 0x00007ffacf061000 	C:\Windows\SYSTEM32\WindowsCodecs.dll
0x00007ffabd6e0000 - 0x00007ffabd72a000 	C:\Windows\system32\dataexchange.dll
0x00007ffacf2e0000 - 0x00007ffacf588000 	C:\Windows\system32\d3d11.dll
0x00007ffad0050000 - 0x00007ffad0133000 	C:\Windows\system32\dcomp.dll
0x00007ffacf230000 - 0x00007ffacf2d2000 	C:\Windows\system32\dxgi.dll
0x00007ffad0af0000 - 0x00007ffad0bf0000 	C:\Windows\system32\twinapi.appcore.dll
0x00007ffad1c40000 - 0x00007ffad1c69000 	C:\Windows\system32\bcrypt.dll
0x000000005a690000 - 0x000000005a6a1000 	C:\Program Files\Java\jdk1.8.0_101\jre\bin\nio.dll
0x000000005a450000 - 0x000000005a492000 	C:\Program Files\Java\jdk1.8.0_101\jre\bin\t2k.dll
0x000000005a410000 - 0x000000005a43a000 	C:\Program Files\Java\jdk1.8.0_101\jre\bin\dcpr.dll
0x00007ffad0970000 - 0x00007ffad0a1a000 	C:\Windows\SYSTEM32\DNSAPI.dll
0x00007ffad2ea0000 - 0x00007ffad2ea8000 	C:\Windows\system32\NSI.dll
0x00007ffac37e0000 - 0x00007ffac37ea000 	C:\Windows\System32\rasadhlp.dll
0x00007ffac6980000 - 0x00007ffac69e7000 	C:\Windows\System32\fwpuclnt.dll
0x00007ffad1a20000 - 0x00007ffad1a37000 	C:\Windows\SYSTEM32\CRYPTSP.dll
0x00007ffad1660000 - 0x00007ffad1694000 	C:\Windows\system32\rsaenh.dll
0x00007ffad1800000 - 0x00007ffad181f000 	C:\Windows\SYSTEM32\USERENV.dll
0x00007ffad1b40000 - 0x00007ffad1b4b000 	C:\Windows\SYSTEM32\CRYPTBASE.dll
0x00007ffac69f0000 - 0x00007ffac6a28000 	C:\Windows\SYSTEM32\IPHLPAPI.DLL
0x00007ffac6960000 - 0x00007ffac6976000 	C:\Windows\SYSTEM32\dhcpcsvc6.DLL
0x00007ffac6940000 - 0x00007ffac695a000 	C:\Windows\SYSTEM32\dhcpcsvc.DLL
0x000000005a340000 - 0x000000005a371000 	C:\Program Files\Java\jdk1.8.0_101\jre\bin\jpeg.dll
0x000000005a290000 - 0x000000005a332000 	C:\Program Files\Java\jdk1.8.0_101\jre\bin\mlib_image.dll
0x00007ffab2710000 - 0x00007ffab2829000 	C:\Windows\system32\GoogleInputTools.ime
0x00007ffacf650000 - 0x00007ffacf7dc000 	C:\Windows\system32\dbghelp.dll
0x00007fface810000 - 0x00007fface817000 	C:\Windows\system32\MSIMG32.dll
0x00007fface660000 - 0x00007fface808000 	C:\Windows\WinSxS\amd64_microsoft.windows.gdiplus_6595b64144ccf1df_1.1.10586.839_none_d3c8ad15ffcc1c7c\gdiplus.dll
0x00007ffaaf410000 - 0x00007ffaaf435000 	C:\Windows\system32\dbgcore.DLL
0x00007ffad1540000 - 0x00007ffad1571000 	C:\Windows\SYSTEM32\ntmarta.dll

VM Arguments:
jvm_args: -Dfile.encoding=UTF-8 
java_command: Viewer.main
java_class_path (initial): C:\Users\Ashan Lakshitha\Documents\NetBeansProjects\POS 1.0\src\Data\DateChooser.jar;C:\Users\Ashan Lakshitha\Documents\NetBeansProjects\POS 1.0\src\Data\autocomplete.jar;C:\Users\Ashan Lakshitha\Documents\NetBeansProjects\POS 1.0\src\Data\barbecue-1.1.jar;C:\Users\Ashan Lakshitha\Documents\NetBeansProjects\POS 1.0\src\Data\commons-beanutils-1.8.2.jar;C:\Users\Ashan Lakshitha\Documents\NetBeansProjects\POS 1.0\src\Data\commons-collections-3.2.1.jar;C:\Users\Ashan Lakshitha\Documents\NetBeansProjects\POS 1.0\src\Data\commons-digester-2.1.jar;C:\Users\Ashan Lakshitha\Documents\NetBeansProjects\POS 1.0\src\Data\commons-javaflow-20060411.jar;C:\Users\Ashan Lakshitha\Documents\NetBeansProjects\POS 1.0\src\Data\commons-logging-1.1.jar;C:\Users\Ashan Lakshitha\Documents\NetBeansProjects\POS 1.0\src\Data\commons-net-3.2.jar;C:\Users\Ashan Lakshitha\Documents\NetBeansProjects\POS 1.0\src\Data\groovy-all-2.0.1.jar;C:\Users\Ashan Lakshitha\Documents\NetBeansProjects\POS 1.0\src\Data\hamcrest-core-1.3.jar;C:\Users\Ashan Lakshitha\Documents\NetBeansProjects\POS 1.0\src\Data\jasperreports-5.6.0.jar;C:\Users\Ashan Lakshitha\Documents\NetBeansProjects\POS 1.0\src\Data\jcommon-1.0.23.jar;C:\Users\Ashan Lakshitha\Documents\NetBeansProjects\POS 1.0\src\Data\jfreechart-1.0.19-experimental.jar;C:\Users\Ashan Lakshitha\Documents\NetBeansProjects\POS 1.0\src\Data\jfreechart-1.0.19-swt.jar;C:\Users\Ashan Lakshitha\Documents\NetBeansProjects\POS 1.0\src\Data\jfreechart-1.0.19.jar;C:\Users\Ashan Lakshitha\Documents\NetBeansProjects\POS 1.0\src\Data\jfreesvg-2.0.jar;C:\Users\Ashan Lakshitha\Documents\NetBeansProjects\POS 1.0\src\Data\junit-4.11.jar;C:\Users\Ashan Lakshitha\Documents\NetBeansProjects\POS 1.0\src\Data\orsoncharts-1.4-eval-nofx.jar;C:\Users\Ashan Lakshitha\Documents\NetBeansProjects\POS 1.0\src\Data\orsonpdf-1.6-eval.jar;C:\Users\Ashan Lakshitha\Documents\NetBeansProjects\POS 1.0\src\Data\prompt.jar;C:\Users\Ashan Lakshitha\Documents\NetBeansProjects
Launcher Type: SUN_STANDARD

Environment Variables:
PATH=C:\Program Files (x86)\NVIDIA Corporation\PhysX\Common;C:\ProgramData\Oracle\Java\javapath;C:\Windows\system32;C:\Windows;C:\Windows\System32\Wbem;C:\Windows\System32\WindowsPowerShell\v1.0\;C:\Program Files (x86)\MySQL\MySQL Fabric 1.5.3 & MySQL Utilities 1.5.3 1.5\;C:\Program Files (x86)\MySQL\MySQL Fabric 1.5.3 & MySQL Utilities 1.5.3 1.5\Doctrine extensions for PHP\;;C:\Program Files\Microsoft VS Code\bin
USERNAME=Ashan Lakshitha
OS=Windows_NT
PROCESSOR_IDENTIFIER=Intel64 Family 6 Model 69 Stepping 1, GenuineIntel



---------------  S Y S T E M  ---------------

OS: Windows 10.0 , 64 bit Build 10586 (10.0.10586.589)

CPU:total 4 (2 cores per cpu, 2 threads per core) family 6 model 69 stepping 1, cmov, cx8, fxsr, mmx, sse, sse2, sse3, ssse3, sse4.1, sse4.2, popcnt, avx, avx2, aes, clmul, erms, lzcnt, ht, tsc, tscinvbit, bmi1, bmi2

Memory: 4k page, physical 8269236k(3426336k free), swap 9579956k(1776804k free)

vm_info: Java HotSpot(TM) 64-Bit Server VM (25.101-b13) for windows-amd64 JRE (1.8.0_101-b13), built on Jun 22 2016 01:21:29 by "java_re" with MS VC++ 10.0 (VS2010)

time: Wed Nov 22 17:51:38 2017
elapsed time: 3289 seconds (0d 0h 54m 49s)

